<?xml version="1.0" encoding="UTF-8"?>
<!-- Generated by org.testng.reporters.JUnitXMLReporter -->
<testsuite ignored="0" hostname="LAPTOP-EH3B1NND" failures="0" tests="6" name="Default test" time="43.077" errors="0" timestamp="2024-04-05T23:10:49 IST">
  <testcase classname="org.ictakerala.learnertracker.TestClass" name="homepage" time="0.14"/>
  <testcase classname="org.ictakerala.learnertracker.TestClass" name="trainerlogin" time="5.541"/>
  <testcase classname="org.ictakerala.learnertracker.TestClass" name="addform" time="1.211"/>
  <testcase classname="org.ictakerala.learnertracker.TestClass" name="addlearner" time="24.278"/>
  <testcase classname="org.ictakerala.learnertracker.TestClass" name="placementofficer" time="6.36"/>
  <testcase classname="org.ictakerala.learnertracker.TestClass" name="admin" time="1.522"/>
</testsuite> <!-- Default test -->
